INFO:     Started server process [38340]
INFO:     Waiting for application startup.
2026-03-12 02:35:22,795 | INFO | apscheduler.scheduler | Added job "build_scheduler.<locals>.<lambda>" to job store "default"
2026-03-12 02:35:22,796 | INFO | apscheduler.scheduler | Added job "build_scheduler.<locals>.<lambda>" to job store "default"
2026-03-12 02:35:22,797 | INFO | apscheduler.scheduler | Added job "build_scheduler.<locals>.<lambda>" to job store "default"
2026-03-12 02:35:22,798 | INFO | apscheduler.scheduler | Added job "build_scheduler.<locals>.<lambda>" to job store "default"
2026-03-12 02:35:22,798 | INFO | apscheduler.scheduler | Scheduler started
INFO:     Application startup complete.
INFO:     Uvicorn running on http://127.0.0.1:8000 (Press CTRL+C to quit)
2026-03-12 02:35:28,051 | INFO | httpx | HTTP Request: GET https://query1.finance.yahoo.com/v8/finance/chart/%5EKS11?range=3mo&interval=1d "HTTP/1.1 200 OK"
2026-03-12 02:35:28,976 | INFO | httpx | HTTP Request: GET https://query1.finance.yahoo.com/v8/finance/chart/%5EKQ11?range=3mo&interval=1d "HTTP/1.1 200 OK"
2026-03-12 02:40:00,077 | INFO | apscheduler.executors.default | Running job "build_scheduler.<locals>.<lambda> (trigger: cron[minute='*/20'], next run at: 2026-03-12 02:40:00 KST)" (scheduled at 2026-03-12 02:40:00+09:00)
2026-03-12 02:40:01,246 | INFO | apscheduler.executors.default | Job "build_scheduler.<locals>.<lambda> (trigger: cron[minute='*/20'], next run at: 2026-03-12 03:00:00 KST)" executed successfully
2026-03-12 02:53:01,574 | INFO | httpx | HTTP Request: GET https://query1.finance.yahoo.com/v8/finance/chart/%5EKS11?range=3mo&interval=1d "HTTP/1.1 200 OK"
2026-03-12 02:53:02,167 | INFO | httpx | HTTP Request: GET https://query1.finance.yahoo.com/v8/finance/chart/%5EKQ11?range=3mo&interval=1d "HTTP/1.1 200 OK"
2026-03-12 03:00:00,010 | INFO | apscheduler.executors.default | Running job "build_scheduler.<locals>.<lambda> (trigger: cron[hour='*/1'], next run at: 2026-03-12 04:00:00 KST)" (scheduled at 2026-03-12 03:00:00+09:00)
2026-03-12 03:00:00,011 | INFO | apscheduler.executors.default | Running job "build_scheduler.<locals>.<lambda> (trigger: cron[minute='*/30'], next run at: 2026-03-12 03:30:00 KST)" (scheduled at 2026-03-12 03:00:00+09:00)
2026-03-12 03:00:00,012 | INFO | apscheduler.executors.default | Running job "build_scheduler.<locals>.<lambda> (trigger: cron[minute='*/20'], next run at: 2026-03-12 03:20:00 KST)" (scheduled at 2026-03-12 03:00:00+09:00)
2026-03-12 03:00:01,080 | INFO | httpx | HTTP Request: GET https://api.frankfurter.app/latest?from=USD&to=KRW "HTTP/1.1 200 OK"
2026-03-12 03:00:01,113 | INFO | apscheduler.executors.default | Job "build_scheduler.<locals>.<lambda> (trigger: cron[minute='*/30'], next run at: 2026-03-12 03:30:00 KST)" executed successfully
2026-03-12 03:00:01,188 | INFO | httpx | HTTP Request: GET https://www.ppomppu.co.kr/zboard/zboard.php?id=issue&page=1 "HTTP/1.1 200 OK"
2026-03-12 03:00:02,560 | INFO | httpx | HTTP Request: GET https://www.ppomppu.co.kr/zboard/zboard.php?id=money&page=1 "HTTP/1.1 200 OK"
2026-03-12 03:00:03,918 | INFO | httpx | HTTP Request: GET https://www.ppomppu.co.kr/zboard/zboard.php?id=stock&page=1 "HTTP/1.1 200 OK"
2026-03-12 03:00:05,391 | INFO | httpx | HTTP Request: GET https://www.ppomppu.co.kr/zboard/view.php?id=stock&page=1&divpage=66&no=336429 "HTTP/1.1 200 OK"
2026-03-12 03:00:08,232 | INFO | httpx | HTTP Request: GET https://www.ppomppu.co.kr/zboard/view.php?id=stock&page=1&divpage=66&no=336428 "HTTP/1.1 200 OK"
2026-03-12 03:00:09,491 | INFO | httpx | HTTP Request: GET https://www.ppomppu.co.kr/zboard/view.php?id=stock&page=1&divpage=66&no=336427 "HTTP/1.1 200 OK"
2026-03-12 03:00:10,870 | INFO | httpx | HTTP Request: GET https://www.ppomppu.co.kr/zboard/zboard.php?id=house&page=1 "HTTP/1.1 200 OK"
2026-03-12 03:00:12,164 | INFO | httpx | HTTP Request: GET https://www.ppomppu.co.kr/zboard/view.php?id=house&page=1&divpage=44&no=248927 "HTTP/1.1 200 OK"
2026-03-12 03:00:12,271 | INFO | apscheduler.executors.default | Job "build_scheduler.<locals>.<lambda> (trigger: cron[minute='*/20'], next run at: 2026-03-12 03:20:00 KST)" executed successfully
2026-03-12 03:00:12,377 | INFO | httpx | HTTP Request: GET https://www.bobaedream.co.kr/list?code=politic&page=1 "HTTP/1.1 200 OK"
2026-03-12 03:00:13,810 | INFO | httpx | HTTP Request: GET https://www.bobaedream.co.kr/view?code=politic&No=1023472&bm=1 "HTTP/1.1 200 OK"
2026-03-12 03:00:15,063 | INFO | httpx | HTTP Request: GET https://www.bobaedream.co.kr/view?code=politic&No=1023471&bm=1 "HTTP/1.1 200 OK"
2026-03-12 03:00:16,253 | INFO | httpx | HTTP Request: GET https://www.bobaedream.co.kr/list?code=freeb&page=1 "HTTP/1.1 200 OK"
2026-03-12 03:00:16,446 | INFO | httpx | HTTP Request: GET https://www.clien.net/service/board/park "HTTP/1.1 200 "
2026-03-12 03:00:17,539 | INFO | httpx | HTTP Request: GET https://www.clien.net/service/board/cm_stock "HTTP/1.1 200 "
2026-03-12 03:00:18,710 | INFO | httpx | HTTP Request: GET https://www.clien.net/service/board/cm_vcoin "HTTP/1.1 200 "
2026-03-12 03:00:19,051 | INFO | apscheduler.executors.default | Job "build_scheduler.<locals>.<lambda> (trigger: cron[hour='*/1'], next run at: 2026-03-12 04:00:00 KST)" executed successfully
2026-03-12 03:11:07,933 | INFO | httpx | HTTP Request: GET https://query1.finance.yahoo.com/v8/finance/chart/%5EKS11?range=3mo&interval=1d "HTTP/1.1 200 OK"
2026-03-12 03:11:08,659 | INFO | httpx | HTTP Request: GET https://query1.finance.yahoo.com/v8/finance/chart/%5EKQ11?range=3mo&interval=1d "HTTP/1.1 200 OK"
